0
0
999473539
0
0
590055420
590055420
836262792
983518003
1620702159
1620702159
1620702159
1276193890
1620702159
1994991030
960666544
3294637021
3943319608
2512141897
1284902321
2747278580
4230808037
960666544
3870697042
5480800455
2821553396
6685851631
5516580224
6562123294
5834124803
5605377167
4706600513
7934538814
3076534531
6504003152
8884052422
8499659999
9572995961
10848916241
12875875405
13191954045
10143155028
12764930157
6076359067
5808696700
11304737375
9492353695
12451547652
12231391123
8246998597
13997346805
6041039749
16443583697
12330429161
16483468648
4596802393
16866945454
10438683613
9662364654
18367801868
13001726621
19870450256
18732902184
7709797058
15114888942
23171443503
22594625401
15521281697
6094503907
18789398945
18034169687
21875568876
14346936392
17006945231
19515864596
23143266103
10231419224
22612846252
10335546996
8103151426
21125066451
15345205317
20162353198
17376697051
16555348031
13241239626
19033991442
22273042639
25525204757
19467281511
17452686323
21109180718
27779100763
24545578803
11836767861
15849992912
11989678545
29450780888
26002775378
27720493439
20641991171
25540270295
13984375832
13997638640
11979845252
12730534474
10851843196
28217771275
15162028409
15931127329
15223644461
12348930983
25242027973
25033560168
27788442339
19981743892
10081193787
23731138161
34572657830
18420368522
27293125738
15560358511
13035665113
8899046455
22017963844
34075621071
26932502455
33582024055
24010922656
26317238619
18251093906
28306782670
32439987338
17671723435
34772140308
15627508664
29766550412
39678789669
34561389109
17773601992
26276325912
35216647052
19344967116
31977555661
20510163986
40285740140
32801537244
34819857623
40317341577
36955702389
17020347974
19944703419
44604982592
37263730910
45633826542
15922860960
19758312670
42284649560
24914371067
32418464868
36887799855
46652926444
43327685947
23007076052
30408789899
21125995501
18452478466
35527581786
33417166474
35810897055
22087964576
43429616527
46040423814
42099808889
19188328436
27179633483
49645716558
28891649696
47746186028
26515932891
29840412908
40987819067
35888895539
46888540223
29935369322
51545591704
48992492148
42315953914
47362835980
55761493025
25699598608
47112222091
44679822403
28204139573
46832791750
44384929871
64020703898
49948503630
46750782384
43467088358
41554099657
53533961441
50575257457
38276757350
42878012420
57421126422
40298443557
49651304577
32894859257
50093690567
37312430527
42594332786
51549099644
30102521106
38548392280
52245159344
45829561129
38301814062
45675479011
44108410971
48355143558
30396753837
54184165568
53006822834
63386422598
53503962862
63480045333
55953625801
40840424718
51706052661
35625966326
48952625251
36228123789
62660103984
54006543966
51627761756
71452194518
51861740801
58776174438
52769736350
44666481585
62449728840
63737551941
65828004398
52746622153
59122559952
61044537337
43970663039
48853469010
68385902408
55882171091
45036388080
37573613875
64504315587
61212595232
38480054462
53408467825
31027965801
73273479075
33190018247
42561625940
54600385326
48333710050
75530959624
62561150135
52619492665
46628230915
70266893976
54614720799
49895410107
70595915779
47634493138
72640523802
51384505249
57132799291
68078295881
57964762425
75276146370
64791828440
42736573038
36121544012
47846816254
73274448611
40350517488
43184191476
53410767443
79452348865
82372054994
75540360402
67963302863
72626643641
65095908612
70924658837
70936336674
72062629726
85081524685
84736584182
65054389331
64144200018
54135297640
56055885339
69206122068
41525889218
78122445643
72568682230
49532481148
58634234874
84683969899
88221498899
103811593669
35967559825
73910865975
104210720995
31638794514
97345548031
80007025787
50644564911
80877373967
70187015499
72429217112
61684481072
78668586872
87950517291
82419552398
78378179347
87556737798
44944239525
51955011790
87855991172
79484338160
82666804529
71123885805
63320337316
83819739532
45317973948
61943219860
55782000431
51359651591
68202431097
75769103693
104571929776
73474183257
84855390521
54058745557
86945402632
43377138405
92283150808
50968442726
77930402769
47722269324
89629471443
74465596991
65193466496
70746449892
73776045762
51738787237
101687798367
32674230336
93618195886
49027543994
92763304814
80528193766
76981896599
81632513962
34719929641
103229806369
100040694503
99349145718
33568200208
57402362546
57428862713
103435567155
66928603781
68839249605
97120921126
56484311474
97144969628
77230751052
101964851168
84757583070
60738404968
64901187244
37162424411
69223242125
98633503157
60818460005
50328774813
83052829811
117053325985
95567585260
69562372293
80593584575
114935428545
85105681493
94775149717
59124398874
57347911711
102997161432
71172937470
40926882099
81058164133
78884277447
79677193683
57236499739
65501964389
86367275494
52481608943
101376775015
95734278440
92769643284
62823996137
99412539546
100783827157
12427737938
81425705309
62733726105
96701900966
105783835887
101132827251
101311662641
126775290846
100937677550
85967647153
111160721767
104220025470
66773291299
77395773077
88919023005
65369504967
54642817122
67870689575
96522173818
107662061226
129629465957
115183362529
90055325290
60817487458
47981170804
71856695537
106354190909
68877186731
65937931380
101366358161
94468710905
65057614638
96789023163
78605846770
68718448216
86817725987
127546931769
55756653436
96495647987
128807801155
70979746847
107461850332
89779428070
95150928637
72052858781
99951346181
110328670088
85913099818
59667061100
117845482512
92634691251
102662847917
119896241010
104790631745
101594988249
69376886545
101873648973
94149367009
78287937057
61420136331
100889709933
125827103551
100558161070
121171375655
85816108174
110399175522
112712291070
114625632399
77772520226
111017404949
124067266561
94824756722
132160379027
79145302560
73725187548
74544290302
96514788854
121646735639
86984168365
150965565368
73081012458
80267913320
74952941406
123882571697
123952694973
103606989921
141383465857
107553045330
116753314313
125098959284
53429694757
99159778638
93339057753
59782547522
76357499711
99356334286
51498489347
127688589191
82567867814
77283446376
75741271661
118836270796
147790878800
102059308059
66153844693
84235720919
111776451856
118735711384
68718598240
97099436700
137685441536
77950335779
85866101386
88100584770
99275370072
124345206944
140391749772
68779626009
135783294986
74093514605
132638083521
113951375334
161997448930
96015380813
109948180698
83967700991
122148651582
89568957369
124724582652
125519341720
124532713013
152164820112
137925956803
123908525957
98518619176
144951483239
123827814597
143804983085
96844527908
106415543963
92128817416
71482251155
150144596649
81660008765
65031718709
130612100442
128111498350
81768559469
87057904584
84762725552
96136162835
56481668516
131551802711
126838160561
85545933748
145958668485
105596055631
63891965452
132637631179
59594484064
129076619060
118603529590
87626526372
143495034919
104610126121
87819284908
87485862773
178980633515
44771448744
75993671907
165427822868
123477594254
102935526623
99378254587
109058462573
138066886792
104593817209
95132042662
151613813849
130399211575
96947641264
63872231687
150409168208
173354899675
150938733224
81666145717
116880657997
123204763063
115325092624
97645836440
137978508495
150924764974
108647611027
127860662568
107265286620
136550444697
98596217904
115123734302
142342709791
88906514030
107863401727
140353481154
130151264482
162055643146
119571079177
131031897666
172698746796
159157941426
73490719711
22126892638
79719034713
161592108128
99431481939
108838289261
108788638272
149565659587
143064610617
132295830198
158269589971
143935089145
111209825641
66073371899
137645647185
158820595893
111904883819
71487772979
159012719950
118260691253
76439045982
144317766828
63004677385
83798843616
135455659108
152724341650
175320756850
144887122118
72473512368
108123099505
106653218069
124113728399
174448486892
153785682368
98646018448
128495209356
143708238683
104808099016
161949225411
147689646949
69485906631
127749739304
119476768573
151485417575
146781248938
138280395572
78173404032
159515975379
156928842580
77474240258
159857827670
116135275816
138236032357
100646143592
158891679357
74749959958
84912433809
71959435720
143225141506
193353028277
107628667368
151791135580
95329204056
85909922765
110226249611
169623647917
133450518967
141598510299
164350916658
138955025173
123137588392
172877468172
106951839688
154199230576
201071885643
183023071866
144170600616
93742679602
92455887442
166505034871
138589870450
199553977523
164255493678
158093430676
240667409605
138563682220
106101834004
123692639574
160178293699
161982076565
174931051486
160299596195
105521939049
142612335560
113511530309
130528522874
169427815143
182166231277
89490353586
126626442855
198217529476
80106039912
127062954261
109092323060
109766019491
100690408936
160638642384
183999029574
151912512802
178069510434
185626382319
153065118459
186249418457
167963193942
83501161721
179334606959
72551584516
209730672589
129816437390
161842894284
159907308542
128614913607
112034381120
155400934425
82059186398
141142692448
197437650784
191624917653
157645185497
167107377162
188559620011
177165268118
232364411824
188702367200
131447530395
144893379266
125781091688
68572735498
172223208321
181387361829
99612327331
141917699247
134195812756
114768741027
115579414816
150771717367
84847536005
114499332206
106265640195
97342232385
146462523723
194243393280
129765376131
101365902464
181662271299
137848768542
168061196233
220636646945
150262455501
195859500389
136165667904
166378797040
116456432310
171731414671
180673638755
172004149232
140090589429
140831897406
209330833069
203903256147
208068182413
183012470510
117636150594
89090896360
80288165786
130149374847
141953229315
127602807275
93075709284
201777780653
101857755347
202064350278
205623559788
131429501095
78086752756
182042961520
232779564205
172698816380
219670837202
148874710613
194376409836
156606672559
157883612949
192964542410
180348095188
206129626152
120201561787
160260561583
152460718929
70842385498
135381353764
128882441644
127576581408
172666633220
159752299160
190653110587
172610417807
169575999595
147470437312
237840369917
206687205800
211726289700
138144024062
198133788084
150380408076
136494514988
154165953319
111877895089
205812641662
112239016984
232132275584
110749843415
200619780951
196738598401
182307115157
150389773178
119346424882
149073761582
132238439973
172499132637
113444573847
172937246905
251269671358
56606173782
135136891409
153388681063
90003660988
167859409060
92788472111
169977254356
111333475947
167838021634
155638883500
176209093212
255547120540
187741151291
187837342516
211753199201
202031415569
187745738088
190684668106
142828386686
230722580915
160787911075
135298548948
238790651316
159171184234
280798557888
210070596173
210295162044
91735290080
179309232213
210750815536
95422211698
154792687027
248008247456
198138823003
139396737865
146803142623
164092453219
165712575767
140179881896
243352663838
124238579049
63199811362
90990026311
184152346365
194138872795
158074282237
136901644881
249244730013
133228746527
212480000766
209072709898
192655182701
119164078092
204603328774
240492480640
134402592900
119150457486
99925626876
246978862233
147772508674
179239675313
82575338127
228997287956
211084037171
255643298263
247764214859
146933517153
143614606897
213106236065
229100178473
147385466538
248005082042
133325489695
118444202267
163789865801
199642942102
237560831523
165771831554
209389021354
214970766335
200250479057
136748611419
153980626490
227401216258
131144108520
203019598136
204134558111
227071257459
141811128712
57292265475
202859072671
199063456992
134319849493
242887643033
220722311320
58403869927
183798335746
179482765606
193041833771
164459511466
141324250638
217711495306
225532417785
249656665094
198147198804
276161603417
198334538021
218711717273
200256780647
211672651246
137988974104
263139192595
220330931834
142866382338
265494672131
177751624331
216784885792
283004476906
119785776069
178664461530
203206140753
201169539839
41996732153
197978940914
171743298114
161027876132
220365986773
95579353512
161321627538
270360282336
202718040857
214150517145
172336668260
132846237084
276806071938
158304026967
145760735566
234417178460
133623972282
190615031119
196256234441
211057140261
289847300433
199862919590
242128754977
208421754654
219818248853
161226294035
135326626207
195405549416
193979897424
172421243106
154272679366
240418068496
211177414293
227789166703
171656158577
89251088475
189102118618
172793729428
138283607381
186795507627
217934415036
285577203775
229547053254
264996704750
126296575898
231036952245
278575108716
240607816562
244402282984
130203776407
114333842314
215134857449
228959642571
179059595122
216816733889
178853275674
177191263358
219773310185
141229392019
164503843040
224467747926
135034166294
155865343625
221348555572
216952877666
202489156872
180786948296
232769384532
201546370608
216570124011
274571603137
304251708418
172280971197
231825682822
161058028313
209104452445
144464460594
210985173662
206918010889
184682591084
169105185089
259946046524
201360302046
137202627721
267118315596
287248867516
104242905751
230817625027
307516925927
172745330232
158320701953
224740414068
151731842844
154234117860
160344180720
250762945366
237854342436
280028557244
159961055692
132660626953
239556810049
202230623331
121477212943
190631039052
153924017095
192562103871
235748667896
314380146451
256900121278
259293055395
173994787311
121305854268
162406240145
211881511478
239977284465
141826653041
277274988661
109840094279
318285836295
284824269553
300707953668
173904089128
251725967449
256187083308
159255477496
80798909395
192661568392
224932355018
181367103348
237077587733
129219798310
170146099910
244499187008
229368745110
222581416625
282387967484
202287838469
101900179373
284358509596
195777430151
193322603416
211482701134
158388338764
139790676439
161322116504
175104963047
275057515002
235821940012
133075905807
143322700608
227961539492
238013727343
228261024660
250903765707
346640215785
271291033680
194820281604
217081966781
332631649037
222614501526
175866983510
186567673904
237196364345
297594179092
263146507079
178113913782
257602059703
231464935943
263114667803
218446422217
298295402347
253631955603
295985386645
117667442150
241494488833
261374791415
165022201564
331228921365
130662761177
245303524643
281259306960
300875241815
246389478239
262355853650
270204433222
180025796089
288698600233
226344325843
312043580001
192121262414
253229751074
246951672752
150499789215
230251770354
313695925901
357337118520
134789992906
270351940903
187665261828
249105315003
195623878609
223447848877
188515903716
193503282600
176648163862
305183581466
224495207616
233576674066
272996809836
314927799246
271438428517
118822715615
57220051977
218650556474
309362263626
161168636004
352907471430
239632992936
254681999319
135214908602
326684293434
275942993956
239848695128
254656008637
192995353749
197107414967
190873645286
331240425606
182086612295
271001769568
239524615753
277712174363
358704447835
160902461692
194487936317
128531807461
253863165992
280389737402
390075036286
363059107194
265421900745
263714556709
293523560934
279107238045
251140738457
123746520922
227449960835
263171112474
223524764204
274524195180
203333632972
248382448708
266580995588
220212935532
211457163466
368169423926
307467811965
254249607880
200627427108
222551656280
308749447367
314135913561
283863471143
372540359702
232328175881
182388330814
287815088350
204495463716
164077654031
316078595093
262908702732
339121661922
126322384109
244864899339
240343912554
228604856299
343085907957
210105950966
325533013228
170091208186
365595110832
292284427867
316254437149
245271518491
285325490963
229739556554
289337774072
172781400801
271783748107
212149204778
396807896082
305467166916
191637707902
325388427682
252464693294
257512607318
331257610860
296761252406
251530874119
340325680826
379016517468
273939747673
393945777769
323483937285
219402810220
358477143420
239717475046
205643837876
419612982874
320665966972
258118196754
297572884674
257567258232
282579735607
263558130799
308583394791
261915125180
347323826116
299504801196
190534116115
196973199512
214863165693
197273862933
348790149325
205706003385
233193875898
259372746790
317628207918
245926387034
132294219017
192882192277
310965727552
298061456048
370066613443
205066051024
172468784641
189392395030
323266321850
319791302759
273319276308
202877546458
203495932553
308527411521
205396467920
285873565769
364267356612
171376175932
270137200901
94675070822
202908236528
269424429325
139981016696
142438940473
325550407105
227229440093
341578568634
188732962901
214479949190
187399489913
172494343032
277960361397
338824618702
118822767921
359759581266
314111245430
278625313330
224049612409
208733212236
357558647346
314492704029
194962693392
314499087507
256575881322
286584405081
293233508119
306975166557
130213639542
233298816151
383192356381
337077722908
373675095777
324601211510
252330309909
353189798350
138008049273
315241162199
359192002645
156105170766
313937901447
224726351585
156935723341
136865142505
104468924839
179997469270
194191021882
296912631604
387000820487
407829869306
283634132117
287545029279
322686620542
318294080099
308965460678
251797076711
318452889501
354343328326
296884080027
216653346535
326689474634
309054443379
223090598789
206075426600
348936172589
258951178600
226561302248
286760521016
153171644884
295022304502
282276013387
305143701430
186976302447
217694480561
380989573159
240972977922
404106389839
344726220420
180614389027
281519041080
327316689949
345021411887
371618364199
280028092604
328845166991
303500871137
305982940179
282970083013
303703289344
383262383490
283299694794
237338129474
384295739687
190016205579
262099396964
315621319629
184054055775
365031722072
184695259535
359907362802
348017792274
260077284630
309118506746
240887429808
411848711466
193488258669
269885266748
389733429813
456755222436
303642610922
343712320606
295906256339
339487263539
268313168836
371505500184
476717102258
418672577214
196980275531
245399006270
222096502445
320077605660
237620712553
234571163596
293856102243
291606145367
316580447157
272822175939
357970519584
279433152225
298818183593
279741100378
356174484534
236574038440
247102360544
237863238784
257352903184
409594486618
247488614650
387310123282
277867187357
390786311928
352885454721
165195264355
270083305954
419567117992
398778852415
278286344280
297722562451
217534454552
282937227460
468262089221
207703054437
276285410623
275444954889
100404621378
402977084819
415795328446
228463334749
353611485679
243156840519
321551353545
226510326299
248974761714
346373736360
406189805000
276784988614
410322189883
310073319595
273735004323
399945388298
400428437552
454859903465
323000145130
220367936980
312298990155
345524812352
383780850263
286813003727
381778729454
179187766340
359329659314
357340504267
172666269701
384573961030
181599147901
159693424817
436898779857
278064860684
310714546064
332486455270
296050531729
388164152192
388164152192
298427372203
387522016016
289505558252
371720145139
345018291570
264025505498
201463253579
253984710769
323918500029
185236835319
352990557571
427967393329
370138853511
465130882333
395585917626
328042524828
294048205154
242954487534
386148171612
323882059215
207336919928
268012240694
314699719275
317990536378
238285594569
423090249944
263597088578
357681458342
219053087304
237461042762
274063782161
332585195131
238531754542
343384692667
367210203345
325593934395
320219837084
345680655696
514806054001
375905831902
342348239295
298241779116
304162417167
287701501831
263149823265
217698569915
385336052273
209497068491
298252260015
247682826626
343694944155
246601894647
268938730649
348534198739
389608431309
373104287048
328567252121
374318503611
234936684581
350530804332
307350727510
377657468742
452879628461
278993073944
211718843446
375483186814
386773515867
343194145550
110826579730
183725850300
239468606941
290490191309
236648500915
299851410964
299621191000
362709928480
213251656308
360155068742
365753728772
248675712498
162993448335
258988247151
243475513347
441110397527
247319527138
317151088285
356268181224
427405258781
194331274534
253007257471
479774291874
280878116017
378572373503
406727103361
183143025270
343864360850
340078176007
431301419810
383544965132
426946472960
422453461222
132226222059
245913114432
375634334171
335597086661
424044534421
381202748344
317285314529
384829601435
296012166354
284001276768
187869508512
371489976153
269175492042
429700019850
435591261424
338702612578
344004824259
369963849971
374328338762
324932986331
410643001181
249284522818
256487061818
250083154203
388943586792
390357948464
214286164449
139339148696
391803482010
322443203950
402884677414
430306694139
397898329405
309264555045
174468813557
275202548548
364651283405
251529364323
523605691610
199871495484
297567828623
336295542162
316335328697
315924584348
476177912028
310224708916
364725194082
356916546822
340048024107
296673373145
466135718125
421290394432
391908418468
168148838293
378089709148
254049976993
510743493799
392180000117
419138271536
282521572119
448880790045
368670306414
81531462143
394482219191
391735390181
262140887930
401299713644
254404112430
345678202792
353537942863
379202537796
373219277421
260335923289
461189681608
142703747827
157313756469
284937807320
393975459142
439752813048
195481300828
389366790166
415479734231
454228646259
176578093962
408055086797
274901404610
350220205995
520328908349
444380640954
426930513766
255455755751
484274233722
193589461853
255445795200
331436205907
227458899724
235813958364
351901429892
256907296578
409098132596
445593156600
406380816165
407064487186
189062055315
321309819216
379151907683
494689258323
354415077013
326591352459
367491203078
457793406422
264629915191
265227404792
473762883104
361618578227
255166624555
333501756275
386201171552
436977583912
269693369922
409073718794
504946262017
364339183104
426968472074
268135482393
366528335337
356897071185
446363247844
435277648451
366449624736
531705657421
455145353751
408245604203
447398077449
414665489500
346695569379
285910343304
199822869590
247123584006
312866190264
508875374800
91957376231
360401505056
454284490577
302429191724
349595804838
461638384030
331394273656
452383129600
584571690470
409061677830
176932799958
329510911697
388869679763
202400318928
572241202222
248038477335
326816522384
410775121227
472832172955
445448666469
379535870424
299983146380
471353955344
370843903305
539376614227
239301849771
504592598171
377160773327
430490795636
288772172458
520639250095
514386123669
314367702303
519667451049
537539309989
241305279430
355119896852
389408263320
334741912941
517615432025
524852696558
288956167128
466321278580
294580757116
412170101849
360496733505
334388829977
432104033537
467832501311
358111100392
365672298415
488899880916
392460198599
340661534541
457571166363
498174086097
431882223328
358240323205
201333182723
441713356372
255884398686
297200492434
385590017726
394473761139
525976517967
448429185196
373741441815
382552375164
308537080630
337357571761
498451694322
238578023312
370464712930
503743268305
341281174281
458894274443
509518972969
255891104556
437511889720
436824129401
488328341548
505717744629
478549340021
341372442013
313546002662
453995027194
346233594173
526763009479
247948595886
445421073724
291968971351
245838511609
217258438418
323711706184
463630866091
301005467959
372309430761
435263455160
455170018024
546212495040
210218036873
407238271193
376845966550
238010124807
294338448233
252576197775
390765079869
359176224719
384034057939
301464967103
319300028673
308999347966
238314020707
596560185793
472567236189
473297888514
543685287900
218226421652
283631367701
568642788781
205205211147
436615879588
356991400174
572129595255
382587042329
545198659666
287684172884
250811552306
381167811396
533961997266
291570182044
449886098865
401388111866
264355670593
488725559495
384489239612
445468373042
574240358234
466383756279
486517103912
413113675627
439979135929
432675062024
324182754756
229469054938
488339332861
350367939825
330000690237
519960829029
254269992366
412738649889
154024642646
376222123398
442367085733
305102353152
552191193734
419469920308
417283895794
580264418609
367783250593
487732221645
544587395020
293241289836
394043117739
509709439704
336338849309
370487195554
336793231846
284785124739
398171718708
301864129969
378981473467
459123646567
375033781689
486285303891
528296469925
247737854925
305147171444
405379052024
342014288260
492318251807
394611907128
493031516370
513971396278
394092456990
394751162922
268204366843
256335525124
259881954287
590683322898
288453803229
404898369295
157105769844
395966085314
341254162562
365673948862
486938360430
397579798811
583741372725
462898331865
492579990277
220323221035
546934071499
440335215592
404366918865
282637113417
272649813975
470079150074
537998841389
487397371544
439188831236
261344372957
376765730654
468561298663
569204828346
317878284358
419262551189
320364756269
266370055068
542350155931
435326876272
436574565617
326571416763
305092508566
461074446601
363725197589
314863989103
340082289739
356334520335
232183593478
470698866813
487569605651
476169064922
305021204852
368021828770
475636057933
476285037668
279789310456
413976712790
156114365136
473190240760
437244708642
538960793858
319046524000
418432643657
371360940658
605786698973
308960922931
510382564522
354957357988
483518322105
409162449479
372338354762
235722150952
539075541854
583799260778
459784529078
407951100438
332251550835
345755562044
188224813536
443162694119
152710215018
376672903226
351461897128
481438227002
428061986571
380668886043
408999487664
484273891302
486637153716
476620407893
460254959362
468265800379
375244401346
573110441046
406495436802
446074363777
355579105314
482722116834
523094094212
531709795755
339347158011
620437531548
383856818132
391975101475
540504980132
496292043883
349070196458
523811554378
354354264247
443740284505
518593206933
378210663839
291794781226
447668798998
463172090420
309405534494
355146231964
312576057430
484132199977
550064060342
441087300024
274603856839
343572561520
404917585143
552141004631
511396766990
345944113806
362267993291
258639250580
293955508450
324800639983
432213442781
437869979850
409402835156
345792937499
380736680090
313675675683
496441134004
242528230134
465294287475
563875000109
316184205984
313963199158
379984504272
623885358311
195179726315
490452169455
455787574436
347676225373
538322399018
456344222622
507461803424
621757513811
247205248557
594629048635
464450225772
468423775398
650159819220
470723765991
582451126935
418182278005
570743531596
536536178254
384995806808
525739724095
385147404320
554862082331
213362261600
299523219013
433245404499
311357695088
277164155314
417336283685
281427132406
278110180965
403963536028
420352665734
238736629677
462709548053
166582489792
533307504212
592308283451
476167173382
482849894369
580096035326
463460068449
464536244141
435685837993
396202208832
345089554019
284062481652
359699572098
361669945686
627669139988
428779984923
393515814356
315274253903
377934935467
446240986207
681267472417
556665137637
435060407924
291863894268
250841489545
477637853030
327579308068
713353065762
521311375961
162005261771
504931490701
406277935287
396512313593
373540832289
557873292084
196114114697
351605610849
634398638441
458933937999
482040658942
610252156920
533956125339
329389104577
473937755517
513227704880
262425102623
576452896436
502628635423
335670931444
336148532084
365426575669
566376889900
403806629280
279743369629
713337854456
251574764228
598478809367
372324106394
375073362980
628268609274
410657560093
454288792813
407359254260
545886987436
521779766803
340047928143
621800976401
650682730132
466415454401
584184478157
317738278682
373131206093
550183066863
572578216970
523658229744
349104415909
318142697050
492962048950
543931107520
379967146169
371635719462
375053533052
479329975371
432212663542
448906424883
371856028755
351873542461
446135138217
460148599409
512119927448
606839317523
613685078938
489033191853
479340053982
169458442267
474860124461
347437393630
253531137949
560994451672
560318537847
541110406432
348422631338
521416299385
427080490681
491843865029
534809712166
375127337202
335797730975
684623460142
547864366203
538649850631
420525033559
751023692089
346095687248
587400561823
371263425862
258263898027
530720312474
547529142143
538960175848
537065708760
496052568366
622060155605
347619630957
504394524117
637799551513
438966484604
216630527112
285519466207
312280856221
536593318732
404673105041
505092531749
384745988187
325282012845
327323145988
346297762622
528534965343
540548368400
380824415867
302604164420
275194002423
462145503169
722112870091
594025498699
739207289647
691823839632
495500859846
556849718692
472936969532
478816388245
691243898432
359348563637
511855649979
560490828426
542345465921
631375617400
645949323266
221265861965
505180439646
508304689499
548885037629
512459637108
541502582891
576180453354
468962461119
508926564395
399832764247
581016847353
490244223081
620226364813
360828363031
634298194125
532996008751
377753331730
456867431607
428711001309
379093442399
223488221661
472072692437
268531160969
652129032210
427861020192
613833242083
440219301206
586831326864
503720136072
682313618493
352797977318
508766459301
442738459360
427218681506
361957871045
427228318004
393272280535
443320345887
393212583610
479517882065
637954728005
517289346102
235063589019
365456386160
333854688156
300012042409
461745811693
623248645268
676657793970
624940875273
366207027546
510742616741
274567050777
619377747224
370612261820
555222862499
676498924024
399640115660
395204478658
433384476113
581804342254
555127797349
522802923155
395952010993
503674546978
593052478920
530901788147
591406419763
443104649883
312646208826
467635880740
160472015211
236321910349
478389796521
555058336272
360197415555
578058731555
436520023742
722658179576
472897896892
401835073703
522085094314
461681743766
521995312523
632262096525
646376164344
520052469320
433402609877
532971884774
638350580025
515134752387
493969224317
328608263779
550332494978
304859270320
408193504119
341615893515
543405294367
670641901795
673940394107
451722634370
181511631384
530561102521
541528021307
638666799749
482398140901
498460144301
642254574762
642951233715
545118147834
646111371904
239358797700
334897711976
435736466618
233656326299
528319461660
367585019360
377340876540
565156133285
431329493398
494108790629
625982197833
456901486572
285142609215
493341018520
429008794538
307260382585
412133567391
604655829336
249842306162
429871701518
699765090906
412795216391
557433333221
557864479309
501975751512
573430621668
493218506396
292659796521
601358144668
726294009074
397563533356
624005834700
606780980295
498231897457
557207361567
433892008637
279889744263
348183411673
395582059583
403374146130
616483185422
287772282029
628148708034
250786170698
578272140241
509489123763
616196012573
417498351988
527917897216
662836093306
506279976048
535795016196
514304571749
536551835483
713944904109
547020311512
416264186698
597940957004
518012310144
688612301926
686458508988
703019297979
664258329369
466311859901
609817823364
690408189098
369643080516
332201249020
606529727592
565815001953
539925507541
607408112069
419445784335
654930779561
403663389929
474587759883
578154424603
459819400734
373194617893
492693934116
397866044107
536146498973
660909200171
246878050825
454110485179
333125083704
819554863817
590091169258
466431757156
595737263858
348825000783
627823003412
784328730249
333277686194
770322369066
315118011373
474180893538
449746790683
542757655436
628676617872
478350564661
542693598703
743982674907
550109326613
745670610595
843484894254
697963656727
323218059318
560664708851
664483302214
374050394301
338969473182
312530336168
375809815180
365932864265
590501512529
369721828259
281386154658
546265789921
250713794996
411931941795
364301923862
525478872099
643938438546
681787619875
849263113299
537820679334
354243528045
470795024086
465936933534
582689151262
507333282358
453664238748
565521789540
592534602072
668040448855
542451654856
544165602815
628094647760
478723812641
689449299517
332149234776
370872173920
252609638717
702284667299
671615148802
662297946787
250766963082
768763701712
297314216496
644891947988
554124899572
720647711236
620132628582
503091933424
642845114752
393004232839
416763254964
347039943150
706453945797
506407247712
577402665355
436364176111
764887731011
427651605122
362750219909
621400882650
543409031481
614933493555
602627554316
663337581633
634848113314
561708571788
762071202002
524530053535
689327845567
521338730916
644496064088
386712982089
429861118389
682734896218
468504797235
641312339022
543187367452
516517727271
812360802724
756909205579
652652417728
450347470701
