0
662217361
676861174
0
1619803897
0
1382066360
1302900683
3796712089
1861742924
3117340745
2118482516
935490284
3266946426
3705813651
3205465471
3643022517
4078686634
5077544863
6500789843
2311547238
4078686634
7324986516
3107498868
7299300924
6082506050
3009204089
3554891852
3359933115
7326329876
8512370792
11269132969
3533062706
3773770333
5682808998
4001001154
6915134683
4412221039
12148291302
5448291306
3873098903
11509612996
5802422126
7702233882
13275582366
4807704984
9134072079
12711373187
12519888715
13359274323
8924959155
14447438025
7199799550
7096683307
8003609067
12133646833
10557432390
12179449499
10741509567
9609427240
8545082363
9108732408
9256608861
11973679749
12959451534
17979349516
22703613153
13050526819
14887882568
11650049107
14988385463
24451329915
14371348162
11783608112
8429570209
16610602416
14044016197
22598456636
24452407706
13062286075
18397542020
8135059446
27619718257
19287647010
10504432010
19361698733
19821256147
13942044741
15825725387
11109295084
19908421160
20892790511
30853226573
18872090144
15186634892
20742763963
20114258247
23518806462
18356469639
24247876290
24333727200
15489915658
23586601679
21583918873
21051050902
15238524989
24994805818
28951117234
19473958600
12312618482
14044102045
21746525612
26699726241
16759461058
33941715451
26511364718
18744901011
24819760436
25086391628
27789858573
29627903934
38763636245
22796820045
26169843000
19017949663
29739256018
25185594146
12167974554
18692819097
18644745882
15162755929
33898585997
30035356433
20128028869
31395110812
24188912087
13170235053
37636342227
30774854065
16149600803
31682395625
22322727690
29629019429
16408519568
27418331393
30775172039
43819548860
18987480938
25603753882
19762221976
39235918673
41038425508
33788961262
29946000345
32493844400
23959505526
44435177044
22709212303
45096597040
34832077092
24848424885
26010480936
43797514909
26304033167
41302072973
24321906363
29303381945
37952181418
30725466415
23777348723
32699265046
20330720653
27632862699
30451116207
32484101782
33936485667
33276211267
19096677636
36503194653
47117557519
40717848404
40267612970
34620578374
25613493985
30781845669
33214444145
29550210168
37607114798
49532777024
35161949241
17094827161
46646477169
40617879426
23589506375
44400043265
27006974567
27666196684
36291932208
36383414993
58555829718
54147852641
33461426589
60974696234
44158770897
41918214484
26072358899
56510892824
47677400650
43901453107
59995512635
29208684444
36628654213
50888531400
44088268628
32933329794
43005676960
29991273756
38252435172
27369433763
60675760751
36172268820
57349037006
22838940090
42045637090
28506257849
38307889703
51949024459
46115120947
32386794088
33078541587
37781835517
54451595127
35667930052
59455207449
40187434332
70353369964
41995667520
49500204994
42770320042
71076383077
30418072950
28470081797
45700739913
71741303051
38650748091
64395312771
42429777734
57923889865
54773949067
48488528193
46159117859
21326461108
48420818622
32804082476
40932726202
72016237323
42502590838
33915426008
42715773251
44482705137
48062863624
43889260272
29925236656
52515295229
60225068459
35667816849
35407125748
56756258941
39422362749
75963868779
32887835112
34246339354
44055679847
50957625776
34475478484
44247424668
56146181895
42037674159
51849780579
39016504390
37770497713
40568550315
31304486526
34129070621
69012175082
49103184400
50382918383
55436407200
39416525199
48190713476
36410519875
34781994590
44767843693
47113274005
64438193811
64187189899
55167751972
57066734860
61094650086
80416600714
39050141617
49921664562
54073645888
48865049779
52370237752
68307775618
59428298222
51532779872
43227995084
78837792355
82988288890
57157763378
75351691947
52242438235
69528332470
54429110564
78812046119
44363679948
51952258784
60417813081
82354330118
67119200089
44117480848
72363623476
92353271217
48787259417
55262639575
80042923934
70850165629
47895703101
88397401029
55105482055
64920028383
83987769351
68750040594
37480980713
65011450524
70630906157
69199813674
53953933498
52242131191
63934726424
57844884819
39162333957
62109032502
56940180620
52392937636
102718579287
65839139777
56251182073
63739351464
76875359840
100341997359
93153490407
80526781223
84755764065
39953030630
80968240180
81699184371
70905442960
84737089767
70421446136
75248729394
43307935362
71958148567
51584165070
64773752716
41346783756
57504389757
87555033230
57565658581
44132387883
90443981316
108808369471
108963100435
94297266207
82536504152
63173922545
41810007200
106904180642
47334643237
65908520803
73126548453
60641664731
48214109632
67771530515
94062599429
52659551186
47319101173
55782232298
76991218586
63826162480
74967910626
98549895548
89239788469
75966793264
88897307752
89049012265
49435657546
90988444485
39722602952
104478056832
65040100774
60021897756
76027010867
58096359938
107796237916
73812803165
86823349296
50196779831
84061295481
89621301576
75992852651
95695139664
76698743756
47325944650
65231733821
83619012129
119911611461
94377562252
54451787345
118466535808
78283226580
82679070532
88220501391
98179680955
74776392906
124858612748
62241579415
86950327423
97888919994
72261250346
78401818997
72879780912
114503093540
72199608295
85255452983
83325323198
92238238151
83215474468
65068520987
77622749667
56288431683
71414524886
48506951482
85921879187
122941563250
80297842469
64440077723
76433276529
100483384591
124650049455
77206813823
54870893060
105692991006
77852962760
117420403739
116309862516
107280390313
79990204095
47406191425
125926060637
100733829991
56842842168
91852562246
40685825434
84146588662
92607435997
103449636642
120574467816
108784530259
93389629818
147508045360
59059260590
99559447718
142973433759
107734279194
105584183777
130179550239
65079175206
134612248339
116456514618
75178179927
102841550708
101730635471
114897817132
109468425667
78017205885
136351891490
88450517727
133809611216
70316434616
115569329957
104566982435
58175844167
84232669142
112603906442
117200130800
106793945433
79764941237
84894284086
78809346769
140026461054
65778681020
66861648693
79621325047
112035625128
73845849950
87715211672
114641875724
111087808584
110119096999
116057731403
107525250783
133301403118
55673699649
91574721590
95365145565
106523639981
96770392707
144525635539
104204529156
129464449970
134311328823
107125683377
93154130354
126571941638
77112346177
40908351938
153329189374
131483476155
100082521977
105079660521
111750160462
71642365278
105749589919
82189878573
97294003571
99664648033
104963211057
123493565948
93181725880
112072010998
131740652596
71195846084
114674567993
76520987570
142382574726
134861938587
143996591030
64110304308
69353112405
98097425703
140623354289
107615613513
103801125764
78394838092
147162881230
169144889909
134817710439
109854598408
119383524228
102425269383
102738329864
162672475414
111092229265
136818072282
143817573467
93421965862
143776896156
179887214274
121592115768
133447073490
113081645250
99909522525
96219206000
142743487136
132869015930
87606924357
112011082407
177411506850
149738766952
130173912520
137387267166
150881190330
139565808995
175270570268
113561517863
84599977103
156157258877
123695221235
119813091139
105067354309
180317301478
98558264309
121893939972
114369675908
170304154856
115172550914
98533104736
100828422789
110866496067
102464371638
112702301972
122152438713
145636363879
122693239946
145967207251
143917947023
120886341960
68642030188
92138364245
97508760877
132104884792
71112220846
110810800995
116591108623
166008230820
153429677451
118801325974
118678359307
169155021385
133556726286
150763145189
148277378501
60657304625
114828695706
82611192675
176732810622
173040897452
104632830056
195969404783
143930609749
115510181477
100307470811
98353743845
106992787361
46286206626
112918480041
109074808075
147368327248
126724487425
174372450865
154254847435
123915283357
177999411855
124522826638
105057520681
118212470971
119263816335
111466225288
151685649774
143454761765
142669094957
110273694574
167938188461
186408594532
156467493722
129077935462
124013706086
154440397960
171465198898
134981277321
135138329800
162679714521
146326509749
113568857681
101391649771
89083522613
101418057535
184654293732
115423456642
194482429256
149515618822
125047965276
178387578626
172970395091
122641522703
78012510107
112547965700
102358547432
168765258337
65149299104
197707695785
114709450877
170095955771
138471790895
171910875368
168532015041
112573553723
119796928282
140206859647
153972922337
163070513780
198298662185
107940594717
128521900930
171225180473
129278926471
66381934254
145774019959
216702791255
128387059728
102379169425
194305887224
142683248042
90037189941
83063259522
167196022764
126371363838
130184458127
197567576177
126762104138
182322958038
84704758903
198237677185
90103185946
212848723622
128695248668
169582562909
164134568841
190228843783
98100209549
147126947537
161062123261
224716260418
180106630628
125423605807
174734873540
166535210070
196181449423
139710212057
153583538191
110642578695
155020944406
209322651929
104097272563
211736816961
128855851987
131187912186
100575125327
213991222781
95957514865
151143441926
119320398047
142909200704
134034101453
95376166650
182626195215
130357553373
116506270616
125578270000
236049327685
187924385695
183793920495
139050621024
91432071484
126439406123
118004572385
139671941719
164487550083
200154780591
153555775337
221934175277
152956054748
160978347631
188107501292
108084704626
159701573907
137422376213
165845926557
102780832808
196052014842
164845488300
163724636617
184653390413
189723465742
163891179736
136413434058
199996734190
176121666375
172597662303
153013552457
170637733286
116404655516
129740639732
153573027676
115897857204
166072462229
194251532416
106800469252
147382273032
108174308613
184476741736
136196096876
137510133845
174059632200
160831272874
153975847445
101042613471
137228938573
164485619303
138456844135
211173534088
182464703807
223922117469
188924923347
194962740097
161685052720
132653889450
165588118068
190754586416
134801958241
151964740173
119729551742
84515638893
154572806511
132580638352
134547097592
204583750522
149772680622
168323641254
157865761879
245363593409
165264243606
155417125794
222330661142
164245090645
155856453081
174788383292
212343859181
246822083351
154859955748
179077444058
183648262066
166599235709
246549158868
146990896005
113358712969
138131207455
165796946922
134802446976
216751423965
182306377119
115308476648
192335606794
178803113236
132327176142
159277515637
162271891158
199311237774
97698318344
79182628907
176473805705
251746074107
137118792807
218146351010
252914043445
173123524258
156159150289
228526251478
148003479517
184553516773
175755545239
213345379502
149851466540
167145017995
121867412065
147092999908
142357697380
226085184647
179035407532
191856122318
198843438262
203587434318
192147854474
166568932378
196647351469
217211638465
147880658016
191159907870
244916963308
174392231221
172974318350
162965289038
196454759829
208736749845
138913133507
278470155852
171022882577
155267364599
78218005859
178777525470
234791918116
246535998620
164966042359
106192580556
163876592990
142089976643
190271426482
232464883101
255985974835
222729316414
78304121585
96680146929
184189454215
251546778739
193263560262
130700985972
123006363280
149699883306
211487538454
147431916225
215240175393
174985115698
184769283696
180102931626
126095460328
205681743591
227332720743
224645998135
135774141097
215629256779
212677271097
107377319139
195910952287
169976173584
190418640499
165046301485
124573317765
184081600184
119151989563
268194692846
151288348856
148985943642
224645413746
226578957094
147831489154
236378972274
212444136523
249004449096
179935671579
183372211255
223758732873
227308821987
177344122454
180260972938
282870848093
217762774161
216009009051
154608070624
219536503758
237636852632
163085936368
174103050370
246171615643
167752426231
146807288330
127198829449
153489598452
128318493370
199686788742
120008847517
234858401797
86328318456
288608768836
273100457549
171159965858
161576442690
246261206814
162581349582
147896180000
244789198938
147439821671
140042680864
239251400732
173127173505
193605852690
280588297590
164964852341
211760057965
171008880092
170599166921
191368240589
246048391238
219395497748
272884305343
268720694213
200059655275
195661365577
199957487671
216387161553
189561731773
220888055608
210188140268
210316555416
182442563056
306103043773
133223282754
249600238510
217157891944
146422866361
141117298549
307455532145
215639529469
273362670010
197905241686
203280707615
228468587985
235992033405
158708843030
142103188341
177229191976
130933214963
161575741303
162438255964
169757138141
151967140326
195073243304
155135278552
218354168044
223070121723
154887735782
79569004404
232768365792
222999281855
133561539545
137439594169
165326057430
143620526623
161049085972
168661693631
116233779200
182603264726
223150011317
274006747382
176051392684
157453769643
203290262765
156298130922
140226455111
191027988694
181807520208
256954410650
201233401912
290413745763
158115637414
248145068043
306827122773
211035976479
287201744722
178570893372
198152558918
308038491757
157638957542
139308200829
279752726101
122028387565
245688700195
224487814910
229872376662
201371379806
139687359771
192013468890
256071401173
140756168605
273624207474
289044481852
209879253288
177267123045
316310145916
154580346952
264022927409
294426073274
231256181839
329340744487
187056660552
155118999750
209861516731
166018386197
235360208158
202219516093
331885999625
191728299894
190549080260
214352706541
203134580933
335365352619
242559115977
308751047977
317276033257
178242537664
310368367161
157912490151
239942204973
164687453183
337388980945
202601552397
290423036466
198067370186
263926457781
272754303970
273387798295
222412896684
285629262135
159523230648
219446102858
251125088667
261460027141
189593544589
148259234118
174100904503
189765021979
270711837731
336352327573
188954150702
189993689698
140432369278
216673967815
311653564978
209020282783
166300254647
192233979128
229786639427
182868231206
295276780277
297818418798
257249735181
306794278738
237414569982
201661393938
206339215655
248017902655
243009940969
299126639628
205715629365
196838155405
197748146778
266339464688
248758262219
327183516784
304460163299
323585433342
326237481860
170333250973
151140060668
283435560316
127585781890
214035642897
219190849700
310201120809
342167951613
207182609090
173723468186
109765589462
91558823683
306588106812
289238732827
225695741257
204332726506
129462611889
190397325195
278261536809
205018908825
272224122888
252552450599
352410334924
193021428832
184470217734
217974812137
229306988314
189223283062
227569457739
207034101432
252844834448
167762870427
249898897993
222892044944
218785385022
184833293359
321929584688
198525942487
229136369521
351712362964
256373726038
167576352538
190209070454
288212997461
237128594479
315497557274
271023158019
212104943021
315299466896
264203838724
263133044585
188945455001
228766147030
192246834503
242994947316
355197661849
349675195515
202402737982
303891785317
241647438538
177109926581
222269784602
344813426720
133058775403
173790956293
224123303228
204312873315
266680212347
202295830867
208725647083
267481118280
183720255884
262163700197
175647108755
260894900582
214256464485
353952416656
235427581892
303082215051
177568040516
289616519431
243758870997
330466820501
195403729749
162484170585
206104826960
198286378396
243128574243
193978692003
368729060441
192118183503
277381363351
238691318100
211406223672
229770089711
272198477738
233989782591
267557339832
218368556472
136471097772
186327562846
248903462411
269906578150
208070200540
215202875994
305628940377
281162528853
167241935003
221294869877
219924970208
208313754006
309150785615
318567834524
228532098914
211245528426
214759089079
179628981450
285039215653
287960709519
200731491951
247513797383
320613324033
137564731319
151928483766
182340330431
306788586055
206355030458
218033778778
208089782746
263935203256
383434243018
277792890235
294415664995
243822196501
209386830955
232281216329
222282019680
324784934592
277473958144
304039796802
351116296005
307685093708
394270795483
338464913224
265120167763
220731562066
153098940066
304551111501
258050792555
209996710743
242408773118
74351407871
310696203498
288728985000
299114331602
386388188006
225442949339
211273367506
213301387213
199556265259
200275304799
247292341756
248744012844
107647445720
310190606904
351467849537
248173100862
352200983625
395625172117
226772792141
256009316046
194366927615
239134917963
205490055526
359138432798
311579206969
372687504041
230115033783
260915550067
135846777760
336269868442
280912181365
247097035646
412827115555
213286299129
245913655926
194620570378
402277685670
173910147425
418631281104
335331308001
218581910364
331732446881
272341609500
202534250552
374714449648
198768803768
361194234749
300148702978
250276150982
290488910302
193606040161
148771423500
191292925747
228682622406
141035769765
222073806432
302323782643
207282286523
179710265102
344081088632
145473388213
340025486575
150723691533
222043226805
325136966317
323292167383
192441021274
406776403760
228634876188
333987539029
238417637159
254728079940
197055412564
224616700130
267539357664
250040344408
411449759189
153680859369
231066110151
368102709357
156510830794
154726576234
381662735276
354437178678
155981648217
261512455569
276731093513
92670647129
291622170541
322452384791
293930827848
264871057122
215150569873
424024467209
209083586366
363851924967
292619188853
254750286485
289715607923
402389396471
339789700266
257952737385
263142594573
246000670792
157909459056
272466289008
245513984794
361751110139
223193706209
334626156483
350252434590
249444435687
301791461689
261797036587
266173199468
251771594713
320839796789
272812030075
241433070940
312265661267
286486484338
337326327020
327231034042
244301152435
238334203149
234444399985
152349973282
330214063360
423352929111
199361173952
388762395717
226021798446
369328816374
415875327986
263647672804
207756701894
273080999421
200981513702
381057570622
198918820840
246923405434
273252887088
330402544157
224478841470
364569735534
200195613647
238997944415
245929695586
300660087817
332834069250
257605253359
233495586733
274695937063
411001354154
293504317385
394282389212
395605310989
335372119895
245681553065
253145091593
195163745446
373447966687
406873403150
265870670844
264564927710
326826119517
301097274515
370473303350
370779251671
418294399227
228200729943
256370851274
199101929443
353358865254
270118001237
275458280885
288720529039
288455356941
287239464628
225514003834
361810512507
369378156502
442731541587
350965959837
250391166123
427489963421
294582042994
154541146331
359209054081
321245697931
166791513744
406522210943
265873878162
345002641853
257262300034
284164540259
462800752905
215914599645
280700947826
332343639108
351883660836
264538532359
333942390356
256887336365
389807930869
252519373213
223262553170
326885629525
367607577339
304111562908
379777613916
232803344448
448091724992
383573876166
297482805486
347061690723
267924279292
310209523599
341262983089
267829023057
302862493978
326996462039
400034296407
262150059088
177961985503
224610235045
392217147499
453092043449
329274210748
210683427731
231623624915
341609499273
322954438721
195526583847
109982576743
385499017617
197843065787
278391083004
285196216081
434396915354
348241902947
249580233208
233672096915
341024492914
301050126824
466384161322
379633148549
256695493076
277635223503
273664174448
322813659931
281719645466
450696090993
260074095715
297359633541
329956282735
366102303083
484833476494
393546681408
388891551898
266237663094
362054083001
373757843930
244275582365
299386629016
394662514456
416179241427
301111955986
481837170914
328959912843
391291838636
245888229720
313746982034
378924801339
406234917579
301945288441
393242231475
361667115803
355458062865
161190015898
433773446095
317438490229
257157582071
265982668855
244823203251
395772265438
396650097154
399350401047
464958625786
237627836640
235378641927
419124605358
269120774347
296252732545
444279483237
396087520581
267133744448
319854839930
214944192476
370297988682
354512300549
371988109160
313560874356
257917499709
303080440154
320427900495
254357390638
303674623298
467423876597
244681752259
189029297543
183609263090
295686567756
308741213125
412494647799
456434972390
227881228620
215692760655
453159042610
264416276623
375651111911
376468534388
375892122270
316437368459
384398528775
343914377249
429391962435
294860842436
427538826823
396252763947
426009475368
360697315665
391384812740
262135770223
381179105542
287339458406
440216098333
340934921034
309862590594
326342319985
266868057396
423747845954
383883712177
263917867092
274338166614
176819122573
487495238611
380513397680
309417306608
332720373468
181716079658
296508733454
381428229699
261911683935
267455801435
211783299553
343324693159
320092347029
326986267985
382182980507
294167812845
329731669616
304388185772
318321414824
338206814946
286074109626
420964747977
261833171570
332273510506
476010692019
260985753806
503959994760
431724886746
315865068449
292459643518
237707562774
341063251225
180774884807
322175859649
350933222097
272721080683
313538071011
206211500905
378627692732
303130418493
332950591074
486070784051
308808653303
280636042052
269192896787
246973844133
483423883325
407771448667
263712142050
447815972075
222543435098
227479309128
325244327125
273092349313
313345491154
320851519709
438182557573
368388847129
415296488481
420655069424
351700092304
374471672040
257739891453
450429625019
449813693961
392156872096
446857926432
369109875823
336015031188
258457568441
343044310871
344834964019
506640351264
498064878532
101977316675
245576760662
288022838833
350205737391
327672431551
509372417198
354640810335
333344012062
236515872630
336597270342
272647576381
475022402473
428669525927
525150086956
370697110318
308906711489
341659777440
311624788763
310630185053
303966744233
266192911834
538412399221
443235549546
257887664147
312573328817
318786830802
455878942336
333752644531
432844039382
251450392057
311979824571
224069575833
401943374982
386447531686
231843847178
428866527260
379426376890
530822032756
150985228065
360103162101
467034536645
276683198243
509816542625
247019572850
252727701385
299496284477
420729733478
304465074967
178815026491
242213591907
380275575144
199847686064
198488010608
200274047933
339996816088
385231269992
265284855772
432545348516
466360355080
299513628640
279042257471
399270346871
339219438157
314208723974
358190882934
273536066624
272725284963
262438433375
385970248796
280211512346
318668521903
351348348288
298466428079
437378994934
359187496238
235828136359
423339388595
308169773282
391524556644
525575429567
302683292626
355365510194
328166751138
411823519855
499523941668
376881399904
394086173343
382638962840
479354118360
322428916072
146642060007
461278545337
470583060862
375505648591
522933305012
356897676346
448175175201
436908771861
488202053642
529935827417
318218378693
417372212035
269796341394
469311604332
426076440624
238834827245
325241793926
449069432772
463377826407
559176108287
362782936400
471472728692
284985803861
527760066237
244853929611
380068479504
326722862906
264340750455
429503768527
444640436233
305884118202
298699466550
353170654749
371495668972
274327659649
384910070485
306191042115
317711311007
430923496856
218602096137
456516715852
497285702812
268634903834
352276178389
363124361971
290473178229
406463813869
527736765815
393451938085
265838685101
253009957495
252327705460
300909735156
509504041186
400160588254
323254765190
450887234127
297792968379
387610291307
404556320949
524466638501
285253568347
301113171299
228651737485
423283762502
425041285719
398902473246
335488256484
502281741511
177473844861
284295027033
544998749991
521840782540
491471336450
485642013145
567121355386
379924655150
357872968813
315521838745
257152605088
325499949798
311602298694
336443594686
291265273712
352839907510
382308160670
334020233011
501171893036
337224237081
355390205232
426289926894
512572635407
484487042454
353679844401
309093806546
282552129842
407915164018
199853663496
338999519538
455881046429
399801791151
264456882050
377278572084
213622743434
436203277957
367226730660
332425334042
321068128601
536222473898
566455120490
331683499467
597853281207
447926524608
400703791666
265300677314
215308039525
352872776316
392263542334
486923310767
556619785659
517804324825
298696346266
589136090142
251669221624
423450439062
332746381948
349843878641
300520605306
388693469315
389137379519
498650768774
413146813143
369818845590
439067511151
392775694700
478681359868
316576094250
310968368585
610033411994
389945252362
516686112572
519328789974
507190394826
423789804165
440839533893
362889289044
511329799054
377787497366
446060345077
553811222100
374189488789
394785549514
344545878469
580023453153
342539973557
327788329789
523674786365
273325048604
398181007456
279917407315
297876040726
527678602465
474310745272
594278915165
447568637441
355590314321
384832911283
528945702574
360269764569
225297475465
430060241911
274246733482
356370375245
348611337050
490187379979
449644622122
465236198086
380798097376
470105758876
563619929348
330017829062
535090472588
478780133575
341624546658
400963543363
260545490030
462214376772
389551023894
322221424273
243058688979
377781713717
348918610154
553396561607
437252078794
299953021730
558070678561
404981099896
529493265604
408916995088
364707213383
329649686653
337354678312
229905587049
385448449511
525575987578
393007049332
344497944534
274727522180
471084452554
377694944988
301059176334
233011164328
309846682622
263368492316
441783220679
190886571666
410377537387
310373945200
459206842640
531532528508
401128075221
490308338004
341590536979
502684414816
486580801889
304311232342
570051002072
477006891958
427271148337
605541394867
474758148901
388277258280
276358247375
352292888492
302151917228
507654642308
409888903801
380585635526
332532306454
276849982960
489846432015
384354300816
362182718351
550313997375
397522453815
360450212954
192089626402
528364314456
314592013029
545040219253
393869720345
402732915492
221468914692
313187419576
497378843548
438209095350
529983233993
567103003179
386797425733
415675183958
511123494191
498142818946
466414791354
363194918031
481331853839
461389430996
305783027100
308483444601
324166423367
276381554757
396112405985
551319270125
335444940852
529207210774
559386511503
396198378995
421334861191
420307604108
319002955533
393325917930
365466036268
585036089848
248114099250
467983186892
595631679788
475232100004
302944547691
454501933713
386514278545
259226641353
427828317499
389459650953
444269036921
331742332134
336764482514
356867446428
552429082201
253041471117
451523123666
515915572051
627601361427
349311992013
474990871695
452974064891
334013976593
472403855712
563132427684
626112270583
275138696528
482831596248
509875591839
473267629825
617582647326
241920526396
138824593541
406035585963
330552597904
286707854266
447544718207
341885451697
657398216405
517828647564
513905095742
385715946434
438292597365
521992297896
333780383342
310272779949
411804077003
345560577289
654873366531
632917594430
466234297606
475364749681
423062697858
308365782178
422617537702
346057233420
547649290813
290887745105
277700715871
433706235797
342989290596
630279960297
329660081307
635243764037
366472397400
593793324604
477971668825
612771110016
438191700818
399655694881
333197949602
454082367533
432980225531
171601478270
443265074691
537121030318
539326923912
424749975936
356257094863
429201699152
542345927513
282658803021
336818823182
504889927150
671142942463
391399904664
305843986539
287692174824
322555176678
508183829426
632720559703
363647602534
173989965520
347661205631
208027266199
288721405272
613174878604
571875330127
659257840190
487075554985
462904938898
466803874438
440237944845
420555520569
566535342556
378943608512
403002080963
425763649403
316872890264
354658430551
241306759723
554137658633
416100328578
628995916807
325534134532
315477892251
519549352728
331714545574
318650528468
389739338102
311743467755
366602777544
634213590334
374933700937
237743516862
683928339830
190279747612
533589119696
565288751699
376819657052
472511185381
615183209037
324230107098
265639474741
402084369151
347957340055
383009311787
330490108964
554113555821
605736375625
474720183225
466173288236
391176156129
391556096035
177439271825
365731391764
366634072533
413088907640
292154525740
339011396856
452023139773
509461726172
452729957357
263591718185
374808558955
675179546444
414050548241
389195601299
416252387423
450200258313
505166342333
593244299425
574700492857
361313616720
457427560744
558648032842
508434633343
411622212773
451661505839
362871885518
440002676262
545896696604
547994225678
455986280824
278545036225
350396134910
463785786449
633995650610
229507582939
443176070659
544041090293
325773226128
575113953968
426019797936
477282521067
419534272678
601832832608
352534207411
603933172961
429344512201
624743418519
470564258146
571147903814
355124863293
449232366323
559864796928
419329652882
460045790774
590980595755
349416823286
396800977456
639189852846
615847372878
354901479496
381673250446
217103975593
465078619234
390446961668
715515176927
323664151357
668219969119
488584444054
719477997782
500244114676
448010897162
470788031731
362564341874
650212716340
362004918881
393652769019
578214278760
519457433736
330316447623
548044257549
449223976147
603121685646
272574191148
402817104566
388711552925
389769785727
443584781564
404544107045
387271434180
441773758036
423874398856
446154175243
458373429717
586807786557
443007180521
521025044388
569148749204
346964999558
494929869591
543807549566
399370304633
526684199822
405533687817
279446485570
406595706969
609401606612
715186040352
549726587463
319426188568
364769814352
699497920223
396508729121
450402298322
475094538190
446877568444
466729950096
578551227200
503852252509
555221194492
480640420007
443125633096
354363753897
310479993477
454206912540
447352021006
418337384176
469569137500
722390673154
344940389545
574118837370
477925706411
536115915665
505860901924
481551835039
469335811697
565545990740
405881190986
713614517464
588261362213
688041427380
515872974721
706258208440
431613792294
451057011668
555449719281
414216505860
501599464392
508725507212
623778225860
763468528548
532614523923
604334618301
295417401501
342181598563
716633167992
527102639795
524268122131
291390758359
520395436637
629113692538
259145555492
506855120670
507898549800
398464125398
511873313423
229795178756
390870020132
515469659689
502090207795
523933731398
401712359396
641797396556
401715267277
404619579355
526631724979
334007945687
555713492743
570846592617
335562091388
631185872193
621054018592
393800433478
531878245627
351291025201
707654734552
350116240487
328835663874
403196258654
350117873875
337626611041
664310948187
447430857415
604545023014
447103931393
230497638911
459626497702
561895222798
489428425505
477424143466
414743800577
530693903434
451746712421
413274126911
337307204447
460407898442
423943212780
341717591550
521948574821
463173893506
268093363574
502714089571
609829475810
538245249802
639174131280
744634774072
572382867502
469753847132
443075850609
635624666844
675208481295
592841018983
376223756118
370593451711
626888170199
480988893165
739928117603
376964556698
557253729482
411328362553
599159439100
400098198600
464654300806
614280118934
346404803138
510760360213
456358336189
444597390427
440681532137
615511447476
602248190166
678323279763
561563808540
497759523714
597923447122
665442634143
616132031622
645676094736
600366819420
290114638802
664441781419
198996933143
578146002458
721688796145
656017292155
403515433414
554382228904
521779043010
641193887012
489192094704
415400126688
510649317588
627186658339
587028241801
397257817704
462047223714
766571881679
606824790022
352086499669
442344108955
697238926134
414881659908
293280492194
607370223714
534530179823
217375119923
634645291670
317000647428
501697926485
467571837511
416788449794
513564968710
218418633285
515776763453
493133564259
395422997641
460423644551
574755758140
722250511669
395022128044
218531288848
633768019342
679629347087
398154817739
593898779599
655254729615
404726378439
754254846904
412997332069
493799380879
390356738879
507224877560
577119907134
367494425587
627954133102
736575792593
472693626798
781671997819
703829251998
676911153561
483737171011
592827270534
373838987123
677354478673
441251132824
669105835217
392501500464
400497207547
513420242261
709284509446
369717478428
599029150200
468233912403
615748326680
496079632639
423737385843
475980146373
761008778139
524916928844
533167207542
463482652194
491446870965
424287402985
563280437782
655589357802
582049906536
420190715402
372624331891
536868775103
518047847402
707354296954
371062293183
421950779804
554624980551
409863403437
550479995684
274041196267
717486153846
706952534548
706224589911
407005236251
511052460108
591675364876
425483833092
725653530377
633905055404
374615604406
436886371030
812280550896
403867790015
387166069349
555061093736
439173477386
590861687555
577490062210
474005253780
557395629287
477569459685
684799847532
623346205156
798774238329
455875370697
751820043633
285279649436
525444424217
687296414411
458930211057
449032028027
770410287595
608142843013
558148516530
392880510356
666734316317
815850870131
486816332797
447479939741
658158002110
483061519922
755741417025
528382754889
525896952994
759171394318
435268657338
739494160726
644246911618
315106214739
639801379110
418479761866
422664524859
364459577520
443966995718
423869758413
656973279852
716621582028
436551493303
472048344811
685186425489
618941935920
341423263693
504843027106
606672665574
505499403704
441722000875
440416383353
456957057931
719048127799
427605960082
697084135465
653817222183
444534490631
492007959129
538451762662
401507553644
457761492976
754562616098
516197316293
576683930851
393604740460
310291632819
845988284636
480203284464
752867738039
551736968519
768566953504
423714378989
392709496146
329093839808
583642124561
472671194001
475019808560
617541078732
315235128906
475038229709
820247436129
324930529152
622462198901
318219034570
383005605180
441791546902
520270579694
500405957067
572063606705
813545819546
690884480406
672087201508
688649622393
473924504681
624676202481
536136274561
541390470071
711041312486
644060999984
575287200945
460999302857
603653820630
483050318119
609731500945
585402827548
500882647654
721065955356
811879283357
721354372612
596367977855
735861263617
708044112507
627854399310
521998618609
836444973895
669614860632
716746256898
640656030981
583178315768
544449453221
592963476958
796316682341
393035044516
620656889670
469790477061
665642747383
603451686340
527791299827
649312299507
561255786854
747562644095
606816319900
641862796190
558966010413
457328406323
564387115400
534403915450
442960561617
684879670009
714454807555
683369585764
671153256125
863684961594
615370693729
471834535819
445746495608
481426722643
532946909411
776932265341
296304254594
728498787633
617927583008
505376869859
530292338139
620331236772
607789237769
590729253354
613844527829
556675304592
557749309805
407364241895
694558393556
593471650856
609785083452
722089557855
600714793638
442849178408
648636367441
718882381387
297105495865
724381401200
555618332330
460179917690
475536396389
453981657674
584051470153
464861591907
560759131815
494403132641
675811313386
727588964405
731928298538
732901852723
558833868757
664907824907
427762397249
512418923494
366735291258
469092112212
339887044258
801886181988
389826638548
611425875876
802956074745
716204042176
470265705932
845505930172
710921665558
505253797721
704921788202
847358328110
783975849410
315130146891
603133245684
519034604955
893873013060
738093824240
443484484557
482730137084
828373781867
645564711506
394140896200
604987808475
470896624926
658883753337
522790073279
526169540355
618146691862
512398582987
492686860192
697523323001
580442375883
725186364671
634325507102
877775120726
627535510328
588936327442
399063881908
553546860132
626392805544
541641404854
755038126878
248268526832
604241139139
561215987475
476620694769
717772705903
517550978080
593772241912
341807001433
559580640804
824927331413
551840454687
465032479377
703154270532
699744010229
278416434623
748799865148
616492045720
343150714407
502242098960
423828981472
874317465890
564343420196
652225011189
545611127074
523550710486
584590045347
599122077482
280079867586
630401556449
768197160789
444344164855
726142681794
502924637312
407067461324
539108995065
708934565712
491696095329
699813664732
448585427047
351154422521
716586542394
449170124868
824008788000
505358290906
504120653103
504755486545
445310214711
551708474967
502591134153
539075640624
523950643346
411377774901
472568288760
491601047606
904779976771
535295412741
541555793574
661038285503
924171557237
754396535828
431625846473
490270354476
505608204870
655075471303
434993056207
583595517955
568805281409
675258360305
499724314439
922697545886
586790342998
759976712545
627905787207
872468024004
713163862789
692153100639
676692107486
563099819317
778673294266
